2026-03-06 17:05:17.624 +05:30 [INF] Now listening on: https://localhost:7142
2026-03-06 17:05:17.658 +05:30 [INF] Now listening on: http://localhost:5288
2026-03-06 17:05:17.696 +05:30 [INF] Application started. Press Ctrl+C to shut down.
2026-03-06 17:05:17.696 +05:30 [INF] Hosting environment: Development
2026-03-06 17:05:17.696 +05:30 [INF] Content root path: D:\MVVU_RESULT\MVVU_RESULT_UI
2026-03-06 17:05:19.959 +05:30 [INF] Request starting HTTP/2 GET https://localhost:7142/ - null null
2026-03-06 17:05:20.206 +05:30 [INF] Executing endpoint 'MVVU_RESULT_UI.Controllers.HomeController.Index (MVVU_RESULT_UI)'
2026-03-06 17:05:20.236 +05:30 [INF] Route matched with {action = "Index", controller = "Home", area = "", page = ""}. Executing controller action with signature System.Threading.Tasks.Task`1[Microsoft.AspNetCore.Mvc.IActionResult] Index() on controller MVVU_RESULT_UI.Controllers.HomeController (MVVU_RESULT_UI).
2026-03-06 17:10:46.896 +05:30 [INF] Now listening on: https://localhost:7142
2026-03-06 17:10:46.921 +05:30 [INF] Now listening on: http://localhost:5288
2026-03-06 17:10:46.950 +05:30 [INF] Application started. Press Ctrl+C to shut down.
2026-03-06 17:10:46.951 +05:30 [INF] Hosting environment: Development
2026-03-06 17:10:46.951 +05:30 [INF] Content root path: D:\MVVU_RESULT\MVVU_RESULT_UI
2026-03-06 17:10:48.914 +05:30 [INF] Request starting HTTP/2 GET https://localhost:7142/ - null null
2026-03-06 17:10:49.126 +05:30 [INF] Executing endpoint 'MVVU_RESULT_UI.Controllers.HomeController.Index (MVVU_RESULT_UI)'
2026-03-06 17:10:49.153 +05:30 [INF] Route matched with {action = "Index", controller = "Home", area = "", page = ""}. Executing controller action with signature System.Threading.Tasks.Task`1[Microsoft.AspNetCore.Mvc.IActionResult] Index() on controller MVVU_RESULT_UI.Controllers.HomeController (MVVU_RESULT_UI).
2026-03-06 17:12:18.960 +05:30 [INF] Executed action MVVU_RESULT_UI.Controllers.HomeController.Index (MVVU_RESULT_UI) in 89798.863ms
2026-03-06 17:12:18.962 +05:30 [INF] Executed endpoint 'MVVU_RESULT_UI.Controllers.HomeController.Index (MVVU_RESULT_UI)'
2026-03-06 17:12:18.963 +05:30 [ERR] HTTP GET / responded 500 in 89838.3940 ms
System.NullReferenceException: Object reference not set to an instance of an object.
   at MVVU_RESULT_MODEL.WebConfigSetting.get_BaseURL() in D:\MVVU_RESULT\MVVU_RESULT_MODEL\WebConfigSetting.cs:line 18
   at MVVU_RESULT_REPO.MailClient..ctor(DataContext dbContext) in D:\MVVU_RESULT\MVVU_RESULT_REPO\Utilities\MailClient.cs:line 31
   at System.RuntimeMethodHandle.InvokeMethod(Object target, Void** arguments, Signature sig, Boolean isConstructor)
   at System.Reflection.MethodBaseInvoker.InvokeDirectByRefWithFewArgs(Object obj, Span`1 copyOfArgs, BindingFlags invokeAttr)
   at System.Reflection.MethodBaseInvoker.InvokeWithOneArg(Object obj, BindingFlags invokeAttr, Binder binder, Object[] parameters, CultureInfo culture)
   at System.Reflection.RuntimeConstructorInfo.Invoke(BindingFlags invokeAttr, Binder binder, Object[] parameters, CultureInfo culture)
   at Microsoft.Extensions.DependencyInjection.ServiceLookup.CallSiteRuntimeResolver.VisitConstructor(ConstructorCallSite constructorCallSite, RuntimeResolverContext context)
   at Microsoft.Extensions.DependencyInjection.ServiceLookup.CallSiteVisitor`2.VisitCallSiteMain(ServiceCallSite callSite, TArgument argument)
   at Microsoft.Extensions.DependencyInjection.ServiceLookup.CallSiteRuntimeResolver.VisitDisposeCache(ServiceCallSite transientCallSite, RuntimeResolverContext context)
   at Microsoft.Extensions.DependencyInjection.ServiceLookup.CallSiteVisitor`2.VisitCallSite(ServiceCallSite callSite, TArgument argument)
   at Microsoft.Extensions.DependencyInjection.ServiceLookup.CallSiteRuntimeResolver.VisitConstructor(ConstructorCallSite constructorCallSite, RuntimeResolverContext context)
   at Microsoft.Extensions.DependencyInjection.ServiceLookup.CallSiteVisitor`2.VisitCallSiteMain(ServiceCallSite callSite, TArgument argument)
   at Microsoft.Extensions.DependencyInjection.ServiceLookup.CallSiteRuntimeResolver.VisitDisposeCache(ServiceCallSite transientCallSite, RuntimeResolverContext context)
   at Microsoft.Extensions.DependencyInjection.ServiceLookup.CallSiteVisitor`2.VisitCallSite(ServiceCallSite callSite, TArgument argument)
   at Microsoft.Extensions.DependencyInjection.ServiceLookup.CallSiteRuntimeResolver.Resolve(ServiceCallSite callSite, ServiceProviderEngineScope scope)
   at Microsoft.Extensions.DependencyInjection.ServiceLookup.DynamicServiceProviderEngine.<>c__DisplayClass2_0.<RealizeService>b__0(ServiceProviderEngineScope scope)
   at Microsoft.Extensions.DependencyInjection.ServiceProvider.GetService(ServiceIdentifier serviceIdentifier, ServiceProviderEngineScope serviceProviderEngineScope)
   at Microsoft.Extensions.DependencyInjection.ServiceLookup.ServiceProviderEngineScope.GetService(Type serviceType)
   at lambda_method9(Closure, IServiceProvider, Object[])
   at Microsoft.AspNetCore.Mvc.Controllers.ControllerFactoryProvider.<>c__DisplayClass6_0.<CreateControllerFactory>g__CreateController|0(ControllerContext controllerContext)
   at Microsoft.AspNetCore.Mvc.Infrastructure.ControllerActionInvoker.Next(State& next, Scope& scope, Object& state, Boolean& isCompleted)
   at Microsoft.AspNetCore.Mvc.Infrastructure.ControllerActionInvoker.InvokeInnerFilterAsync()
--- End of stack trace from previous location ---
   at Microsoft.AspNetCore.Mvc.Infrastructure.ResourceInvoker.<InvokeNextResourceFilter>g__Awaited|25_0(ResourceInvoker invoker, Task lastTask, State next, Scope scope, Object state, Boolean isCompleted)
   at Microsoft.AspNetCore.Mvc.Infrastructure.ResourceInvoker.Rethrow(ResourceExecutedContextSealed context)
   at Microsoft.AspNetCore.Mvc.Infrastructure.ResourceInvoker.Next(State& next, Scope& scope, Object& state, Boolean& isCompleted)
   at Microsoft.AspNetCore.Mvc.Infrastructure.ResourceInvoker.InvokeFilterPipelineAsync()
--- End of stack trace from previous location ---
   at Microsoft.AspNetCore.Mvc.Infrastructure.ResourceInvoker.<InvokeAsync>g__Logged|17_1(ResourceInvoker invoker)
   at Microsoft.AspNetCore.Mvc.Infrastructure.ResourceInvoker.<InvokeAsync>g__Logged|17_1(ResourceInvoker invoker)
   at Microsoft.AspNetCore.Routing.EndpointMiddleware.<Invoke>g__AwaitRequestTask|7_0(Endpoint endpoint, Task requestTask, ILogger logger)
   at Serilog.AspNetCore.RequestLoggingMiddleware.Invoke(HttpContext httpContext)
2026-03-06 17:12:19.012 +05:30 [ERR] An unhandled exception has occurred while executing the request.
System.NullReferenceException: Object reference not set to an instance of an object.
   at MVVU_RESULT_MODEL.WebConfigSetting.get_BaseURL() in D:\MVVU_RESULT\MVVU_RESULT_MODEL\WebConfigSetting.cs:line 18
   at MVVU_RESULT_REPO.MailClient..ctor(DataContext dbContext) in D:\MVVU_RESULT\MVVU_RESULT_REPO\Utilities\MailClient.cs:line 31
   at System.RuntimeMethodHandle.InvokeMethod(Object target, Void** arguments, Signature sig, Boolean isConstructor)
   at System.Reflection.MethodBaseInvoker.InvokeDirectByRefWithFewArgs(Object obj, Span`1 copyOfArgs, BindingFlags invokeAttr)
   at System.Reflection.MethodBaseInvoker.InvokeWithOneArg(Object obj, BindingFlags invokeAttr, Binder binder, Object[] parameters, CultureInfo culture)
   at System.Reflection.RuntimeConstructorInfo.Invoke(BindingFlags invokeAttr, Binder binder, Object[] parameters, CultureInfo culture)
   at Microsoft.Extensions.DependencyInjection.ServiceLookup.CallSiteRuntimeResolver.VisitConstructor(ConstructorCallSite constructorCallSite, RuntimeResolverContext context)
   at Microsoft.Extensions.DependencyInjection.ServiceLookup.CallSiteVisitor`2.VisitCallSiteMain(ServiceCallSite callSite, TArgument argument)
   at Microsoft.Extensions.DependencyInjection.ServiceLookup.CallSiteRuntimeResolver.VisitDisposeCache(ServiceCallSite transientCallSite, RuntimeResolverContext context)
   at Microsoft.Extensions.DependencyInjection.ServiceLookup.CallSiteVisitor`2.VisitCallSite(ServiceCallSite callSite, TArgument argument)
   at Microsoft.Extensions.DependencyInjection.ServiceLookup.CallSiteRuntimeResolver.VisitConstructor(ConstructorCallSite constructorCallSite, RuntimeResolverContext context)
   at Microsoft.Extensions.DependencyInjection.ServiceLookup.CallSiteVisitor`2.VisitCallSiteMain(ServiceCallSite callSite, TArgument argument)
   at Microsoft.Extensions.DependencyInjection.ServiceLookup.CallSiteRuntimeResolver.VisitDisposeCache(ServiceCallSite transientCallSite, RuntimeResolverContext context)
   at Microsoft.Extensions.DependencyInjection.ServiceLookup.CallSiteVisitor`2.VisitCallSite(ServiceCallSite callSite, TArgument argument)
   at Microsoft.Extensions.DependencyInjection.ServiceLookup.CallSiteRuntimeResolver.Resolve(ServiceCallSite callSite, ServiceProviderEngineScope scope)
   at Microsoft.Extensions.DependencyInjection.ServiceLookup.DynamicServiceProviderEngine.<>c__DisplayClass2_0.<RealizeService>b__0(ServiceProviderEngineScope scope)
   at Microsoft.Extensions.DependencyInjection.ServiceProvider.GetService(ServiceIdentifier serviceIdentifier, ServiceProviderEngineScope serviceProviderEngineScope)
   at Microsoft.Extensions.DependencyInjection.ServiceLookup.ServiceProviderEngineScope.GetService(Type serviceType)
   at lambda_method9(Closure, IServiceProvider, Object[])
   at Microsoft.AspNetCore.Mvc.Controllers.ControllerFactoryProvider.<>c__DisplayClass6_0.<CreateControllerFactory>g__CreateController|0(ControllerContext controllerContext)
   at Microsoft.AspNetCore.Mvc.Infrastructure.ControllerActionInvoker.Next(State& next, Scope& scope, Object& state, Boolean& isCompleted)
   at Microsoft.AspNetCore.Mvc.Infrastructure.ControllerActionInvoker.InvokeInnerFilterAsync()
--- End of stack trace from previous location ---
   at Microsoft.AspNetCore.Mvc.Infrastructure.ResourceInvoker.<InvokeNextResourceFilter>g__Awaited|25_0(ResourceInvoker invoker, Task lastTask, State next, Scope scope, Object state, Boolean isCompleted)
   at Microsoft.AspNetCore.Mvc.Infrastructure.ResourceInvoker.Rethrow(ResourceExecutedContextSealed context)
   at Microsoft.AspNetCore.Mvc.Infrastructure.ResourceInvoker.Next(State& next, Scope& scope, Object& state, Boolean& isCompleted)
   at Microsoft.AspNetCore.Mvc.Infrastructure.ResourceInvoker.InvokeFilterPipelineAsync()
--- End of stack trace from previous location ---
   at Microsoft.AspNetCore.Mvc.Infrastructure.ResourceInvoker.<InvokeAsync>g__Logged|17_1(ResourceInvoker invoker)
   at Microsoft.AspNetCore.Mvc.Infrastructure.ResourceInvoker.<InvokeAsync>g__Logged|17_1(ResourceInvoker invoker)
   at Microsoft.AspNetCore.Routing.EndpointMiddleware.<Invoke>g__AwaitRequestTask|7_0(Endpoint endpoint, Task requestTask, ILogger logger)
   at Serilog.AspNetCore.RequestLoggingMiddleware.Invoke(HttpContext httpContext)
   at Microsoft.AspNetCore.Authorization.AuthorizationMiddleware.Invoke(HttpContext context)
   at Microsoft.AspNetCore.Authentication.AuthenticationMiddleware.Invoke(HttpContext context)
   at Microsoft.AspNetCore.Session.SessionMiddleware.Invoke(HttpContext context)
   at Microsoft.AspNetCore.Session.SessionMiddleware.Invoke(HttpContext context)
   at Microsoft.AspNetCore.Diagnostics.DeveloperExceptionPageMiddlewareImpl.Invoke(HttpContext context)
2026-03-06 17:12:19.114 +05:30 [INF] Request finished HTTP/2 GET https://localhost:7142/ - 500 null text/html; charset=utf-8 90207.4248ms
2026-03-06 17:12:19.188 +05:30 [INF] Request starting HTTP/2 GET https://localhost:7142/_framework/aspnetcore-browser-refresh.js - null null
2026-03-06 17:12:19.188 +05:30 [INF] Request starting HTTP/2 GET https://localhost:7142/_vs/browserLink - null null
2026-03-06 17:12:19.196 +05:30 [INF] Request finished HTTP/2 GET https://localhost:7142/_framework/aspnetcore-browser-refresh.js - 200 16513 application/javascript; charset=utf-8 8.4853ms
2026-03-06 17:12:19.291 +05:30 [INF] Request finished HTTP/2 GET https://localhost:7142/_vs/browserLink - 200 null text/javascript; charset=UTF-8 104.098ms
2026-03-06 17:12:19.317 +05:30 [INF] Request starting HTTP/2 GET https://localhost:7142/favicon.ico - null null
2026-03-06 17:12:19.338 +05:30 [INF] Sending file. Request path: '/favicon.ico'. Physical path: 'D:\MVVU_RESULT\MVVU_RESULT_UI\wwwroot\favicon.ico'
2026-03-06 17:12:19.338 +05:30 [INF] Request finished HTTP/2 GET https://localhost:7142/favicon.ico - 200 15406 image/x-icon 21.9906ms
2026-03-06 17:12:36.831 +05:30 [INF] Now listening on: https://localhost:7142
2026-03-06 17:12:36.863 +05:30 [INF] Now listening on: http://localhost:5288
2026-03-06 17:12:36.892 +05:30 [INF] Application started. Press Ctrl+C to shut down.
2026-03-06 17:12:36.893 +05:30 [INF] Hosting environment: Development
2026-03-06 17:12:36.893 +05:30 [INF] Content root path: D:\MVVU_RESULT\MVVU_RESULT_UI
2026-03-06 17:12:38.452 +05:30 [INF] Request starting HTTP/2 GET https://localhost:7142/ - null null
2026-03-06 17:12:38.660 +05:30 [INF] Executing endpoint 'MVVU_RESULT_UI.Controllers.HomeController.Index (MVVU_RESULT_UI)'
2026-03-06 17:12:38.685 +05:30 [INF] Route matched with {action = "Index", controller = "Home", area = "", page = ""}. Executing controller action with signature System.Threading.Tasks.Task`1[Microsoft.AspNetCore.Mvc.IActionResult] Index() on controller MVVU_RESULT_UI.Controllers.HomeController (MVVU_RESULT_UI).
2026-03-06 17:13:41.511 +05:30 [INF] Now listening on: https://localhost:7142
2026-03-06 17:13:41.534 +05:30 [INF] Now listening on: http://localhost:5288
2026-03-06 17:13:41.564 +05:30 [INF] Application started. Press Ctrl+C to shut down.
2026-03-06 17:13:41.564 +05:30 [INF] Hosting environment: Development
2026-03-06 17:13:41.564 +05:30 [INF] Content root path: D:\MVVU_RESULT\MVVU_RESULT_UI
2026-03-06 17:13:43.008 +05:30 [INF] Request starting HTTP/2 GET https://localhost:7142/ - null null
2026-03-06 17:13:43.181 +05:30 [INF] Executing endpoint 'MVVU_RESULT_UI.Controllers.HomeController.Index (MVVU_RESULT_UI)'
2026-03-06 17:13:43.202 +05:30 [INF] Route matched with {action = "Index", controller = "Home", area = "", page = ""}. Executing controller action with signature System.Threading.Tasks.Task`1[Microsoft.AspNetCore.Mvc.IActionResult] Index() on controller MVVU_RESULT_UI.Controllers.HomeController (MVVU_RESULT_UI).
2026-03-06 17:18:19.977 +05:30 [INF] Now listening on: https://localhost:7142
2026-03-06 17:18:20.001 +05:30 [INF] Now listening on: http://localhost:5288
2026-03-06 17:18:20.033 +05:30 [INF] Application started. Press Ctrl+C to shut down.
2026-03-06 17:18:20.033 +05:30 [INF] Hosting environment: Development
2026-03-06 17:18:20.033 +05:30 [INF] Content root path: D:\MVVU_RESULT\MVVU_RESULT_UI
2026-03-06 17:18:21.267 +05:30 [INF] Request starting HTTP/2 GET https://localhost:7142/ - null null
2026-03-06 17:18:21.454 +05:30 [INF] Executing endpoint 'MVVU_RESULT_UI.Controllers.HomeController.Index (MVVU_RESULT_UI)'
2026-03-06 17:18:21.475 +05:30 [INF] Route matched with {action = "Index", controller = "Home", area = "", page = ""}. Executing controller action with signature System.Threading.Tasks.Task`1[Microsoft.AspNetCore.Mvc.IActionResult] Index() on controller MVVU_RESULT_UI.Controllers.HomeController (MVVU_RESULT_UI).
2026-03-06 17:21:49.646 +05:30 [INF] Now listening on: https://localhost:7142
2026-03-06 17:21:49.679 +05:30 [INF] Now listening on: http://localhost:5288
2026-03-06 17:21:49.713 +05:30 [INF] Application started. Press Ctrl+C to shut down.
2026-03-06 17:21:49.713 +05:30 [INF] Hosting environment: Development
2026-03-06 17:21:49.713 +05:30 [INF] Content root path: D:\MVVU_RESULT\MVVU_RESULT_UI
2026-03-06 17:21:51.766 +05:30 [INF] Request starting HTTP/2 GET https://localhost:7142/ - null null
2026-03-06 17:21:52.001 +05:30 [INF] Executing endpoint 'MVVU_RESULT_UI.Controllers.HomeController.Index (MVVU_RESULT_UI)'
2026-03-06 17:21:52.023 +05:30 [INF] Route matched with {action = "Index", controller = "Home", area = "", page = ""}. Executing controller action with signature System.Threading.Tasks.Task`1[Microsoft.AspNetCore.Mvc.IActionResult] Index() on controller MVVU_RESULT_UI.Controllers.HomeController (MVVU_RESULT_UI).
2026-03-06 17:27:32.609 +05:30 [INF] Now listening on: https://localhost:7142
2026-03-06 17:27:32.656 +05:30 [INF] Now listening on: http://localhost:5288
2026-03-06 17:27:32.690 +05:30 [INF] Application started. Press Ctrl+C to shut down.
2026-03-06 17:27:32.690 +05:30 [INF] Hosting environment: Development
2026-03-06 17:27:32.690 +05:30 [INF] Content root path: D:\MVVU_RESULT\MVVU_RESULT_UI
2026-03-06 17:27:33.559 +05:30 [INF] Request starting HTTP/2 GET https://localhost:7142/ - null null
2026-03-06 17:27:33.754 +05:30 [INF] Executing endpoint 'MVVU_RESULT_UI.Controllers.HomeController.Index (MVVU_RESULT_UI)'
2026-03-06 17:27:33.771 +05:30 [INF] Route matched with {action = "Index", controller = "Home", area = "", page = ""}. Executing controller action with signature System.Threading.Tasks.Task`1[Microsoft.AspNetCore.Mvc.IActionResult] Index() on controller MVVU_RESULT_UI.Controllers.HomeController (MVVU_RESULT_UI).
2026-03-06 17:27:56.641 +05:30 [INF] Executed action MVVU_RESULT_UI.Controllers.HomeController.Index (MVVU_RESULT_UI) in 22861.7528ms
2026-03-06 17:27:56.643 +05:30 [INF] Executed endpoint 'MVVU_RESULT_UI.Controllers.HomeController.Index (MVVU_RESULT_UI)'
2026-03-06 17:27:56.645 +05:30 [ERR] HTTP GET / responded 500 in 22892.1954 ms
System.NullReferenceException: Object reference not set to an instance of an object.
   at MVVU_RESULT_MODEL.WebConfigSetting.get_BaseURL() in D:\MVVU_RESULT\MVVU_RESULT_MODEL\WebConfigSetting.cs:line 18
   at MVVU_RESULT_REPO.MailClient..ctor(DataContext dbContext) in D:\MVVU_RESULT\MVVU_RESULT_REPO\Utilities\MailClient.cs:line 31
   at System.RuntimeMethodHandle.InvokeMethod(Object target, Void** arguments, Signature sig, Boolean isConstructor)
   at System.Reflection.MethodBaseInvoker.InvokeDirectByRefWithFewArgs(Object obj, Span`1 copyOfArgs, BindingFlags invokeAttr)
   at System.Reflection.MethodBaseInvoker.InvokeWithOneArg(Object obj, BindingFlags invokeAttr, Binder binder, Object[] parameters, CultureInfo culture)
   at System.Reflection.RuntimeConstructorInfo.Invoke(BindingFlags invokeAttr, Binder binder, Object[] parameters, CultureInfo culture)
   at Microsoft.Extensions.DependencyInjection.ServiceLookup.CallSiteRuntimeResolver.VisitConstructor(ConstructorCallSite constructorCallSite, RuntimeResolverContext context)
   at Microsoft.Extensions.DependencyInjection.ServiceLookup.CallSiteVisitor`2.VisitCallSiteMain(ServiceCallSite callSite, TArgument argument)
   at Microsoft.Extensions.DependencyInjection.ServiceLookup.CallSiteRuntimeResolver.VisitDisposeCache(ServiceCallSite transientCallSite, RuntimeResolverContext context)
   at Microsoft.Extensions.DependencyInjection.ServiceLookup.CallSiteVisitor`2.VisitCallSite(ServiceCallSite callSite, TArgument argument)
   at Microsoft.Extensions.DependencyInjection.ServiceLookup.CallSiteRuntimeResolver.VisitConstructor(ConstructorCallSite constructorCallSite, RuntimeResolverContext context)
   at Microsoft.Extensions.DependencyInjection.ServiceLookup.CallSiteVisitor`2.VisitCallSiteMain(ServiceCallSite callSite, TArgument argument)
   at Microsoft.Extensions.DependencyInjection.ServiceLookup.CallSiteRuntimeResolver.VisitDisposeCache(ServiceCallSite transientCallSite, RuntimeResolverContext context)
   at Microsoft.Extensions.DependencyInjection.ServiceLookup.CallSiteVisitor`2.VisitCallSite(ServiceCallSite callSite, TArgument argument)
   at Microsoft.Extensions.DependencyInjection.ServiceLookup.CallSiteRuntimeResolver.Resolve(ServiceCallSite callSite, ServiceProviderEngineScope scope)
   at Microsoft.Extensions.DependencyInjection.ServiceLookup.DynamicServiceProviderEngine.<>c__DisplayClass2_0.<RealizeService>b__0(ServiceProviderEngineScope scope)
   at Microsoft.Extensions.DependencyInjection.ServiceProvider.GetService(ServiceIdentifier serviceIdentifier, ServiceProviderEngineScope serviceProviderEngineScope)
   at Microsoft.Extensions.DependencyInjection.ServiceLookup.ServiceProviderEngineScope.GetService(Type serviceType)
   at lambda_method9(Closure, IServiceProvider, Object[])
   at Microsoft.AspNetCore.Mvc.Controllers.ControllerFactoryProvider.<>c__DisplayClass6_0.<CreateControllerFactory>g__CreateController|0(ControllerContext controllerContext)
   at Microsoft.AspNetCore.Mvc.Infrastructure.ControllerActionInvoker.Next(State& next, Scope& scope, Object& state, Boolean& isCompleted)
   at Microsoft.AspNetCore.Mvc.Infrastructure.ControllerActionInvoker.InvokeInnerFilterAsync()
--- End of stack trace from previous location ---
   at Microsoft.AspNetCore.Mvc.Infrastructure.ResourceInvoker.<InvokeNextResourceFilter>g__Awaited|25_0(ResourceInvoker invoker, Task lastTask, State next, Scope scope, Object state, Boolean isCompleted)
   at Microsoft.AspNetCore.Mvc.Infrastructure.ResourceInvoker.Rethrow(ResourceExecutedContextSealed context)
   at Microsoft.AspNetCore.Mvc.Infrastructure.ResourceInvoker.Next(State& next, Scope& scope, Object& state, Boolean& isCompleted)
   at Microsoft.AspNetCore.Mvc.Infrastructure.ResourceInvoker.InvokeFilterPipelineAsync()
--- End of stack trace from previous location ---
   at Microsoft.AspNetCore.Mvc.Infrastructure.ResourceInvoker.<InvokeAsync>g__Logged|17_1(ResourceInvoker invoker)
   at Microsoft.AspNetCore.Mvc.Infrastructure.ResourceInvoker.<InvokeAsync>g__Logged|17_1(ResourceInvoker invoker)
   at Microsoft.AspNetCore.Routing.EndpointMiddleware.<Invoke>g__AwaitRequestTask|7_0(Endpoint endpoint, Task requestTask, ILogger logger)
   at Serilog.AspNetCore.RequestLoggingMiddleware.Invoke(HttpContext httpContext)
2026-03-06 17:27:56.684 +05:30 [ERR] An unhandled exception has occurred while executing the request.
System.NullReferenceException: Object reference not set to an instance of an object.
   at MVVU_RESULT_MODEL.WebConfigSetting.get_BaseURL() in D:\MVVU_RESULT\MVVU_RESULT_MODEL\WebConfigSetting.cs:line 18
   at MVVU_RESULT_REPO.MailClient..ctor(DataContext dbContext) in D:\MVVU_RESULT\MVVU_RESULT_REPO\Utilities\MailClient.cs:line 31
   at System.RuntimeMethodHandle.InvokeMethod(Object target, Void** arguments, Signature sig, Boolean isConstructor)
   at System.Reflection.MethodBaseInvoker.InvokeDirectByRefWithFewArgs(Object obj, Span`1 copyOfArgs, BindingFlags invokeAttr)
   at System.Reflection.MethodBaseInvoker.InvokeWithOneArg(Object obj, BindingFlags invokeAttr, Binder binder, Object[] parameters, CultureInfo culture)
   at System.Reflection.RuntimeConstructorInfo.Invoke(BindingFlags invokeAttr, Binder binder, Object[] parameters, CultureInfo culture)
   at Microsoft.Extensions.DependencyInjection.ServiceLookup.CallSiteRuntimeResolver.VisitConstructor(ConstructorCallSite constructorCallSite, RuntimeResolverContext context)
   at Microsoft.Extensions.DependencyInjection.ServiceLookup.CallSiteVisitor`2.VisitCallSiteMain(ServiceCallSite callSite, TArgument argument)
   at Microsoft.Extensions.DependencyInjection.ServiceLookup.CallSiteRuntimeResolver.VisitDisposeCache(ServiceCallSite transientCallSite, RuntimeResolverContext context)
   at Microsoft.Extensions.DependencyInjection.ServiceLookup.CallSiteVisitor`2.VisitCallSite(ServiceCallSite callSite, TArgument argument)
   at Microsoft.Extensions.DependencyInjection.ServiceLookup.CallSiteRuntimeResolver.VisitConstructor(ConstructorCallSite constructorCallSite, RuntimeResolverContext context)
   at Microsoft.Extensions.DependencyInjection.ServiceLookup.CallSiteVisitor`2.VisitCallSiteMain(ServiceCallSite callSite, TArgument argument)
   at Microsoft.Extensions.DependencyInjection.ServiceLookup.CallSiteRuntimeResolver.VisitDisposeCache(ServiceCallSite transientCallSite, RuntimeResolverContext context)
   at Microsoft.Extensions.DependencyInjection.ServiceLookup.CallSiteVisitor`2.VisitCallSite(ServiceCallSite callSite, TArgument argument)
   at Microsoft.Extensions.DependencyInjection.ServiceLookup.CallSiteRuntimeResolver.Resolve(ServiceCallSite callSite, ServiceProviderEngineScope scope)
   at Microsoft.Extensions.DependencyInjection.ServiceLookup.DynamicServiceProviderEngine.<>c__DisplayClass2_0.<RealizeService>b__0(ServiceProviderEngineScope scope)
   at Microsoft.Extensions.DependencyInjection.ServiceProvider.GetService(ServiceIdentifier serviceIdentifier, ServiceProviderEngineScope serviceProviderEngineScope)
   at Microsoft.Extensions.DependencyInjection.ServiceLookup.ServiceProviderEngineScope.GetService(Type serviceType)
   at lambda_method9(Closure, IServiceProvider, Object[])
   at Microsoft.AspNetCore.Mvc.Controllers.ControllerFactoryProvider.<>c__DisplayClass6_0.<CreateControllerFactory>g__CreateController|0(ControllerContext controllerContext)
   at Microsoft.AspNetCore.Mvc.Infrastructure.ControllerActionInvoker.Next(State& next, Scope& scope, Object& state, Boolean& isCompleted)
   at Microsoft.AspNetCore.Mvc.Infrastructure.ControllerActionInvoker.InvokeInnerFilterAsync()
--- End of stack trace from previous location ---
   at Microsoft.AspNetCore.Mvc.Infrastructure.ResourceInvoker.<InvokeNextResourceFilter>g__Awaited|25_0(ResourceInvoker invoker, Task lastTask, State next, Scope scope, Object state, Boolean isCompleted)
   at Microsoft.AspNetCore.Mvc.Infrastructure.ResourceInvoker.Rethrow(ResourceExecutedContextSealed context)
   at Microsoft.AspNetCore.Mvc.Infrastructure.ResourceInvoker.Next(State& next, Scope& scope, Object& state, Boolean& isCompleted)
   at Microsoft.AspNetCore.Mvc.Infrastructure.ResourceInvoker.InvokeFilterPipelineAsync()
--- End of stack trace from previous location ---
   at Microsoft.AspNetCore.Mvc.Infrastructure.ResourceInvoker.<InvokeAsync>g__Logged|17_1(ResourceInvoker invoker)
   at Microsoft.AspNetCore.Mvc.Infrastructure.ResourceInvoker.<InvokeAsync>g__Logged|17_1(ResourceInvoker invoker)
   at Microsoft.AspNetCore.Routing.EndpointMiddleware.<Invoke>g__AwaitRequestTask|7_0(Endpoint endpoint, Task requestTask, ILogger logger)
   at Serilog.AspNetCore.RequestLoggingMiddleware.Invoke(HttpContext httpContext)
   at Microsoft.AspNetCore.Authorization.AuthorizationMiddleware.Invoke(HttpContext context)
   at Microsoft.AspNetCore.Authentication.AuthenticationMiddleware.Invoke(HttpContext context)
   at Microsoft.AspNetCore.Session.SessionMiddleware.Invoke(HttpContext context)
   at Microsoft.AspNetCore.Session.SessionMiddleware.Invoke(HttpContext context)
   at Microsoft.AspNetCore.Diagnostics.DeveloperExceptionPageMiddlewareImpl.Invoke(HttpContext context)
2026-03-06 17:27:56.751 +05:30 [INF] Request starting HTTP/2 GET https://localhost:7142/_framework/aspnetcore-browser-refresh.js - null null
2026-03-06 17:27:56.751 +05:30 [INF] Request starting HTTP/2 GET https://localhost:7142/_vs/browserLink - null null
2026-03-06 17:27:56.781 +05:30 [INF] Request finished HTTP/2 GET https://localhost:7142/_framework/aspnetcore-browser-refresh.js - 200 16513 application/javascript; charset=utf-8 30.0483ms
2026-03-06 17:27:56.781 +05:30 [INF] Request finished HTTP/2 GET https://localhost:7142/ - 500 null text/html; charset=utf-8 23229.3919ms
2026-03-06 17:27:56.832 +05:30 [INF] Request finished HTTP/2 GET https://localhost:7142/_vs/browserLink - 200 null text/javascript; charset=UTF-8 81.3477ms
2026-03-06 17:27:56.888 +05:30 [INF] Request starting HTTP/2 GET https://localhost:7142/favicon.ico - null null
2026-03-06 17:27:56.909 +05:30 [INF] Sending file. Request path: '/favicon.ico'. Physical path: 'D:\MVVU_RESULT\MVVU_RESULT_UI\wwwroot\favicon.ico'
2026-03-06 17:27:56.909 +05:30 [INF] Request finished HTTP/2 GET https://localhost:7142/favicon.ico - 200 15406 image/x-icon 21.9938ms
2026-03-06 17:28:57.690 +05:30 [INF] Now listening on: https://localhost:7142
2026-03-06 17:28:57.729 +05:30 [INF] Now listening on: http://localhost:5288
2026-03-06 17:28:57.760 +05:30 [INF] Application started. Press Ctrl+C to shut down.
2026-03-06 17:28:57.760 +05:30 [INF] Hosting environment: Development
2026-03-06 17:28:57.760 +05:30 [INF] Content root path: D:\MVVU_RESULT\MVVU_RESULT_UI
2026-03-06 17:28:58.715 +05:30 [INF] Request starting HTTP/2 GET https://localhost:7142/ - null null
2026-03-06 17:28:58.929 +05:30 [INF] Executing endpoint 'MVVU_RESULT_UI.Controllers.HomeController.Index (MVVU_RESULT_UI)'
2026-03-06 17:28:58.948 +05:30 [INF] Route matched with {action = "Index", controller = "Home", area = "", page = ""}. Executing controller action with signature System.Threading.Tasks.Task`1[Microsoft.AspNetCore.Mvc.IActionResult] Index() on controller MVVU_RESULT_UI.Controllers.HomeController (MVVU_RESULT_UI).
2026-03-06 17:29:10.271 +05:30 [INF] Now listening on: https://localhost:7142
2026-03-06 17:29:10.296 +05:30 [INF] Now listening on: http://localhost:5288
2026-03-06 17:29:10.325 +05:30 [INF] Application started. Press Ctrl+C to shut down.
2026-03-06 17:29:10.325 +05:30 [INF] Hosting environment: Development
2026-03-06 17:29:10.325 +05:30 [INF] Content root path: D:\MVVU_RESULT\MVVU_RESULT_UI
2026-03-06 17:29:11.424 +05:30 [INF] Request starting HTTP/2 GET https://localhost:7142/ - null null
2026-03-06 17:29:11.592 +05:30 [INF] Executing endpoint 'MVVU_RESULT_UI.Controllers.HomeController.Index (MVVU_RESULT_UI)'
2026-03-06 17:29:11.616 +05:30 [INF] Route matched with {action = "Index", controller = "Home", area = "", page = ""}. Executing controller action with signature System.Threading.Tasks.Task`1[Microsoft.AspNetCore.Mvc.IActionResult] Index() on controller MVVU_RESULT_UI.Controllers.HomeController (MVVU_RESULT_UI).
2026-03-06 17:30:14.423 +05:30 [INF] Now listening on: https://localhost:7142
2026-03-06 17:30:14.464 +05:30 [INF] Now listening on: http://localhost:5288
2026-03-06 17:30:14.503 +05:30 [INF] Application started. Press Ctrl+C to shut down.
2026-03-06 17:30:14.504 +05:30 [INF] Hosting environment: Development
2026-03-06 17:30:14.504 +05:30 [INF] Content root path: D:\MVVU_RESULT\MVVU_RESULT_UI
2026-03-06 17:30:15.389 +05:30 [INF] Request starting HTTP/2 GET https://localhost:7142/ - null null
2026-03-06 17:30:15.568 +05:30 [INF] Executing endpoint 'MVVU_RESULT_UI.Controllers.HomeController.Index (MVVU_RESULT_UI)'
2026-03-06 17:30:15.590 +05:30 [INF] Route matched with {action = "Index", controller = "Home", area = "", page = ""}. Executing controller action with signature System.Threading.Tasks.Task`1[Microsoft.AspNetCore.Mvc.IActionResult] Index() on controller MVVU_RESULT_UI.Controllers.HomeController (MVVU_RESULT_UI).
2026-03-06 17:35:22.509 +05:30 [INF] Now listening on: https://localhost:7142
2026-03-06 17:35:22.539 +05:30 [INF] Now listening on: http://localhost:5288
2026-03-06 17:35:22.571 +05:30 [INF] Application started. Press Ctrl+C to shut down.
2026-03-06 17:35:22.571 +05:30 [INF] Hosting environment: Development
2026-03-06 17:35:22.571 +05:30 [INF] Content root path: D:\MVVU_RESULT\MVVU_RESULT_UI
2026-03-06 17:35:23.912 +05:30 [INF] Request starting HTTP/2 GET https://localhost:7142/ - null null
2026-03-06 17:35:24.133 +05:30 [INF] Executing endpoint 'MVVU_RESULT_UI.Controllers.HomeController.Index (MVVU_RESULT_UI)'
2026-03-06 17:35:24.151 +05:30 [INF] Route matched with {action = "Index", controller = "Home", area = "", page = ""}. Executing controller action with signature System.Threading.Tasks.Task`1[Microsoft.AspNetCore.Mvc.IActionResult] Index() on controller MVVU_RESULT_UI.Controllers.HomeController (MVVU_RESULT_UI).
2026-03-06 17:41:33.451 +05:30 [INF] Now listening on: https://localhost:7142
2026-03-06 17:41:33.476 +05:30 [INF] Now listening on: http://localhost:5288
2026-03-06 17:41:33.504 +05:30 [INF] Application started. Press Ctrl+C to shut down.
2026-03-06 17:41:33.504 +05:30 [INF] Hosting environment: Development
2026-03-06 17:41:33.504 +05:30 [INF] Content root path: D:\MVVU_RESULT\MVVU_RESULT_UI
2026-03-06 17:41:34.969 +05:30 [INF] Request starting HTTP/2 GET https://localhost:7142/ - null null
2026-03-06 17:41:35.144 +05:30 [INF] Executing endpoint 'MVVU_RESULT_UI.Controllers.HomeController.Index (MVVU_RESULT_UI)'
2026-03-06 17:41:35.164 +05:30 [INF] Route matched with {action = "Index", controller = "Home", area = "", page = ""}. Executing controller action with signature System.Threading.Tasks.Task`1[Microsoft.AspNetCore.Mvc.IActionResult] Index() on controller MVVU_RESULT_UI.Controllers.HomeController (MVVU_RESULT_UI).
2026-03-06 17:41:40.905 +05:30 [INF] Executing ViewResult, running view Index.
2026-03-06 17:41:41.085 +05:30 [INF] Executed action MVVU_RESULT_UI.Controllers.HomeController.Index (MVVU_RESULT_UI) in 5918.3734ms
2026-03-06 17:41:41.087 +05:30 [INF] Executed endpoint 'MVVU_RESULT_UI.Controllers.HomeController.Index (MVVU_RESULT_UI)'
2026-03-06 17:41:41.089 +05:30 [ERR] HTTP GET / responded 500 in 5947.1660 ms
System.ArgumentNullException: Value cannot be null. (Parameter 'source')
   at System.Linq.ThrowHelper.ThrowArgumentNullException(ExceptionArgument argument)
   at System.Linq.Enumerable.Count[TSource](IEnumerable`1 source)
   at AspNetCoreGeneratedDocument.Views_Home_Index.<ExecuteAsync>b__14_1() in D:\MVVU_RESULT\MVVU_RESULT_UI\Views\Home\Index.cshtml:line 96
   at Microsoft.AspNetCore.Razor.Runtime.TagHelpers.TagHelperExecutionContext.GetChildContentAsync(Boolean useCachedResult, HtmlEncoder encoder)
   at Microsoft.AspNetCore.Mvc.TagHelpers.RenderAtEndOfFormTagHelper.ProcessAsync(TagHelperContext context, TagHelperOutput output)
   at Microsoft.AspNetCore.Razor.Runtime.TagHelpers.TagHelperRunner.<RunAsync>g__Awaited|0_0(Task task, TagHelperExecutionContext executionContext, Int32 i, Int32 count)
   at AspNetCoreGeneratedDocument.Views_Home_Index.ExecuteAsync() in D:\MVVU_RESULT\MVVU_RESULT_UI\Views\Home\Index.cshtml:line 4
   at Microsoft.AspNetCore.Mvc.Razor.RazorView.RenderPageCoreAsync(IRazorPage page, ViewContext context)
   at Microsoft.AspNetCore.Mvc.Razor.RazorView.RenderPageAsync(IRazorPage page, ViewContext context, Boolean invokeViewStarts)
   at Microsoft.AspNetCore.Mvc.Razor.RazorView.RenderAsync(ViewContext context)
   at Microsoft.AspNetCore.Mvc.ViewFeatures.ViewExecutor.ExecuteAsync(ViewContext viewContext, String contentType, Nullable`1 statusCode)
   at Microsoft.AspNetCore.Mvc.ViewFeatures.ViewExecutor.ExecuteAsync(ViewContext viewContext, String contentType, Nullable`1 statusCode)
   at Microsoft.AspNetCore.Mvc.ViewFeatures.ViewExecutor.ExecuteAsync(ActionContext actionContext, IView view, ViewDataDictionary viewData, ITempDataDictionary tempData, String contentType, Nullable`1 statusCode)
   at Microsoft.AspNetCore.Mvc.ViewFeatures.ViewResultExecutor.ExecuteAsync(ActionContext context, ViewResult result)
   at Microsoft.AspNetCore.Mvc.ViewResult.ExecuteResultAsync(ActionContext context)
   at Microsoft.AspNetCore.Mvc.Infrastructure.ResourceInvoker.<InvokeNextResultFilterAsync>g__Awaited|30_0[TFilter,TFilterAsync](ResourceInvoker invoker, Task lastTask, State next, Scope scope, Object state, Boolean isCompleted)
   at Microsoft.AspNetCore.Mvc.Infrastructure.ResourceInvoker.Rethrow(ResultExecutedContextSealed context)
   at Microsoft.AspNetCore.Mvc.Infrastructure.ResourceInvoker.ResultNext[TFilter,TFilterAsync](State& next, Scope& scope, Object& state, Boolean& isCompleted)
   at Microsoft.AspNetCore.Mvc.Infrastructure.ResourceInvoker.InvokeResultFilters()
--- End of stack trace from previous location ---
   at Microsoft.AspNetCore.Mvc.Infrastructure.ResourceInvoker.<InvokeNextResourceFilter>g__Awaited|25_0(ResourceInvoker invoker, Task lastTask, State next, Scope scope, Object state, Boolean isCompleted)
   at Microsoft.AspNetCore.Mvc.Infrastructure.ResourceInvoker.Rethrow(ResourceExecutedContextSealed context)
   at Microsoft.AspNetCore.Mvc.Infrastructure.ResourceInvoker.Next(State& next, Scope& scope, Object& state, Boolean& isCompleted)
   at Microsoft.AspNetCore.Mvc.Infrastructure.ResourceInvoker.<InvokeFilterPipelineAsync>g__Awaited|20_0(ResourceInvoker invoker, Task lastTask, State next, Scope scope, Object state, Boolean isCompleted)
   at Microsoft.AspNetCore.Mvc.Infrastructure.ResourceInvoker.<InvokeAsync>g__Logged|17_1(ResourceInvoker invoker)
   at Microsoft.AspNetCore.Mvc.Infrastructure.ResourceInvoker.<InvokeAsync>g__Logged|17_1(ResourceInvoker invoker)
   at Microsoft.AspNetCore.Routing.EndpointMiddleware.<Invoke>g__AwaitRequestTask|7_0(Endpoint endpoint, Task requestTask, ILogger logger)
   at Serilog.AspNetCore.RequestLoggingMiddleware.Invoke(HttpContext httpContext)
2026-03-06 17:41:41.143 +05:30 [ERR] An unhandled exception has occurred while executing the request.
System.ArgumentNullException: Value cannot be null. (Parameter 'source')
   at System.Linq.ThrowHelper.ThrowArgumentNullException(ExceptionArgument argument)
   at System.Linq.Enumerable.Count[TSource](IEnumerable`1 source)
   at AspNetCoreGeneratedDocument.Views_Home_Index.<ExecuteAsync>b__14_1() in D:\MVVU_RESULT\MVVU_RESULT_UI\Views\Home\Index.cshtml:line 96
   at Microsoft.AspNetCore.Razor.Runtime.TagHelpers.TagHelperExecutionContext.GetChildContentAsync(Boolean useCachedResult, HtmlEncoder encoder)
   at Microsoft.AspNetCore.Mvc.TagHelpers.RenderAtEndOfFormTagHelper.ProcessAsync(TagHelperContext context, TagHelperOutput output)
   at Microsoft.AspNetCore.Razor.Runtime.TagHelpers.TagHelperRunner.<RunAsync>g__Awaited|0_0(Task task, TagHelperExecutionContext executionContext, Int32 i, Int32 count)
   at AspNetCoreGeneratedDocument.Views_Home_Index.ExecuteAsync() in D:\MVVU_RESULT\MVVU_RESULT_UI\Views\Home\Index.cshtml:line 4
   at Microsoft.AspNetCore.Mvc.Razor.RazorView.RenderPageCoreAsync(IRazorPage page, ViewContext context)
   at Microsoft.AspNetCore.Mvc.Razor.RazorView.RenderPageAsync(IRazorPage page, ViewContext context, Boolean invokeViewStarts)
   at Microsoft.AspNetCore.Mvc.Razor.RazorView.RenderAsync(ViewContext context)
   at Microsoft.AspNetCore.Mvc.ViewFeatures.ViewExecutor.ExecuteAsync(ViewContext viewContext, String contentType, Nullable`1 statusCode)
   at Microsoft.AspNetCore.Mvc.ViewFeatures.ViewExecutor.ExecuteAsync(ViewContext viewContext, String contentType, Nullable`1 statusCode)
   at Microsoft.AspNetCore.Mvc.ViewFeatures.ViewExecutor.ExecuteAsync(ActionContext actionContext, IView view, ViewDataDictionary viewData, ITempDataDictionary tempData, String contentType, Nullable`1 statusCode)
   at Microsoft.AspNetCore.Mvc.ViewFeatures.ViewResultExecutor.ExecuteAsync(ActionContext context, ViewResult result)
   at Microsoft.AspNetCore.Mvc.ViewResult.ExecuteResultAsync(ActionContext context)
   at Microsoft.AspNetCore.Mvc.Infrastructure.ResourceInvoker.<InvokeNextResultFilterAsync>g__Awaited|30_0[TFilter,TFilterAsync](ResourceInvoker invoker, Task lastTask, State next, Scope scope, Object state, Boolean isCompleted)
   at Microsoft.AspNetCore.Mvc.Infrastructure.ResourceInvoker.Rethrow(ResultExecutedContextSealed context)
   at Microsoft.AspNetCore.Mvc.Infrastructure.ResourceInvoker.ResultNext[TFilter,TFilterAsync](State& next, Scope& scope, Object& state, Boolean& isCompleted)
   at Microsoft.AspNetCore.Mvc.Infrastructure.ResourceInvoker.InvokeResultFilters()
--- End of stack trace from previous location ---
   at Microsoft.AspNetCore.Mvc.Infrastructure.ResourceInvoker.<InvokeNextResourceFilter>g__Awaited|25_0(ResourceInvoker invoker, Task lastTask, State next, Scope scope, Object state, Boolean isCompleted)
   at Microsoft.AspNetCore.Mvc.Infrastructure.ResourceInvoker.Rethrow(ResourceExecutedContextSealed context)
   at Microsoft.AspNetCore.Mvc.Infrastructure.ResourceInvoker.Next(State& next, Scope& scope, Object& state, Boolean& isCompleted)
   at Microsoft.AspNetCore.Mvc.Infrastructure.ResourceInvoker.<InvokeFilterPipelineAsync>g__Awaited|20_0(ResourceInvoker invoker, Task lastTask, State next, Scope scope, Object state, Boolean isCompleted)
   at Microsoft.AspNetCore.Mvc.Infrastructure.ResourceInvoker.<InvokeAsync>g__Logged|17_1(ResourceInvoker invoker)
   at Microsoft.AspNetCore.Mvc.Infrastructure.ResourceInvoker.<InvokeAsync>g__Logged|17_1(ResourceInvoker invoker)
   at Microsoft.AspNetCore.Routing.EndpointMiddleware.<Invoke>g__AwaitRequestTask|7_0(Endpoint endpoint, Task requestTask, ILogger logger)
   at Serilog.AspNetCore.RequestLoggingMiddleware.Invoke(HttpContext httpContext)
   at Microsoft.AspNetCore.Authorization.AuthorizationMiddleware.Invoke(HttpContext context)
   at Microsoft.AspNetCore.Authentication.AuthenticationMiddleware.Invoke(HttpContext context)
   at Microsoft.AspNetCore.Session.SessionMiddleware.Invoke(HttpContext context)
   at Microsoft.AspNetCore.Session.SessionMiddleware.Invoke(HttpContext context)
   at Microsoft.AspNetCore.Diagnostics.DeveloperExceptionPageMiddlewareImpl.Invoke(HttpContext context)
2026-03-06 17:41:41.226 +05:30 [INF] Request finished HTTP/2 GET https://localhost:7142/ - 500 null text/html; charset=utf-8 6263.8379ms
2026-03-06 17:41:41.228 +05:30 [INF] Request starting HTTP/2 GET https://localhost:7142/_framework/aspnetcore-browser-refresh.js - null null
2026-03-06 17:41:41.228 +05:30 [INF] Request starting HTTP/2 GET https://localhost:7142/_vs/browserLink - null null
2026-03-06 17:41:41.245 +05:30 [INF] Request finished HTTP/2 GET https://localhost:7142/_framework/aspnetcore-browser-refresh.js - 200 16513 application/javascript; charset=utf-8 18.5287ms
2026-03-06 17:41:41.292 +05:30 [INF] Request finished HTTP/2 GET https://localhost:7142/_vs/browserLink - 200 null text/javascript; charset=UTF-8 65.6352ms
2026-03-06 17:41:56.673 +05:30 [INF] Now listening on: https://localhost:7142
2026-03-06 17:41:56.707 +05:30 [INF] Now listening on: http://localhost:5288
2026-03-06 17:41:56.753 +05:30 [INF] Application started. Press Ctrl+C to shut down.
2026-03-06 17:41:56.753 +05:30 [INF] Hosting environment: Development
2026-03-06 17:41:56.753 +05:30 [INF] Content root path: D:\MVVU_RESULT\MVVU_RESULT_UI
2026-03-06 17:41:57.769 +05:30 [INF] Request starting HTTP/2 GET https://localhost:7142/ - null null
2026-03-06 17:41:57.998 +05:30 [INF] Executing endpoint 'MVVU_RESULT_UI.Controllers.HomeController.Index (MVVU_RESULT_UI)'
2026-03-06 17:41:58.027 +05:30 [INF] Route matched with {action = "Index", controller = "Home", area = "", page = ""}. Executing controller action with signature System.Threading.Tasks.Task`1[Microsoft.AspNetCore.Mvc.IActionResult] Index() on controller MVVU_RESULT_UI.Controllers.HomeController (MVVU_RESULT_UI).
